146.16666666666666146.16666666666666146.16666666666666146.16666666666666146.16666666666666146.16666666666666146.16666666666666146.16666666666666146.16666666666666146.16666666666666146.16666666666666146.16666666666666146.16666666666666
146.16666666666666
146.16666666666666
146.16666666666666
146.16666666666666
146.16666666666666
146.16666666666666
146.16666666666666
146.16666666666666
146.16666666666666
146.16666666666666
146.16666666666666
146.16666666666666
146.16666666666666
146.16666666666666
146.16666666666666
146.16666666666666
146.16666666666666
146.16666666666666
146.16666666666666
146.16666666666666
146.16666666666666
146.16666666666666
146.16666666666666
146.16666666666666
146.16666666666666
146.16666666666666
146.16666666666666
146.16666666666666
146.16666666666666
146.16666666666666
146.16666666666666
146.16666666666666
146.16666666666666
146.16666666666666
146.16666666666666
146.16666666666666
146.16666666666666
146.16666666666666
146.16666666666666
146.16666666666666
146.16666666666666
146.16666666666666
146.16666666666666
146.16666666666666
146.16666666666666
146.16666666666666
146.16666666666666
146.16666666666666
146.16666666666666
146.16666666666666
146.16666666666666
146.16666666666666
146.16666666666666
146.16666666666666
146.16666666666666
146.16666666666666
146.16666666666666
146.16666666666666
146.16666666666666
146.16666666666666
146.16666666666666
146.16666666666666
146.16666666666666
146.16666666666666
146.16666666666666
146.16666666666666
146.16666666666666
146.16666666666666
146.16666666666666
146.16666666666666
146.16666666666666
146.16666666666666
146.16666666666666
146.16666666666666
146.16666666666666
146.16666666666666
146.16666666666666
146.16666666666666
146.16666666666666
146.16666666666666
